{"context":"ProductosService","level":"info","message":"Consultando todos los productos","timestamp":"2026-02-26 22:25:05"}
{"context":"ProductosService","level":"info","message":"Se encontraron 65 productos","timestamp":"2026-02-26 22:25:06"}
{"context":"ProductosService","level":"info","message":"Consultando todos los productos","timestamp":"2026-02-26 22:25:06"}
{"context":"ProductosService","level":"info","message":"Se encontraron 65 productos","timestamp":"2026-02-26 22:25:06"}
{"context":"ProductosService","level":"info","message":"Consultando todos los productos","timestamp":"2026-02-26 22:28:50"}
{"context":"ProductosService","level":"info","message":"Se encontraron 65 productos","timestamp":"2026-02-26 22:28:50"}
{"context":"ProductosService","level":"info","message":"Consultando todos los productos","timestamp":"2026-02-26 22:28:50"}
{"context":"ProductosService","level":"info","message":"Se encontraron 65 productos","timestamp":"2026-02-26 22:28:50"}
{"context":"ProductosService","level":"info","message":"Consultando todos los productos","timestamp":"2026-02-26 22:29:47"}
{"context":"ProductosService","level":"info","message":"Se encontraron 65 productos","timestamp":"2026-02-26 22:29:47"}
{"context":"ProductosService","level":"info","message":"Consultando todos los productos","timestamp":"2026-02-26 22:29:47"}
{"context":"ProductosService","level":"info","message":"Se encontraron 65 productos","timestamp":"2026-02-26 22:29:48"}
{"context":"ProductosService","level":"info","message":"Consultando todos los productos","timestamp":"2026-02-26 22:33:23"}
{"context":"ProductosService","level":"info","message":"Se encontraron 65 productos","timestamp":"2026-02-26 22:33:23"}
{"context":"ProductosService","level":"info","message":"Consultando todos los productos","timestamp":"2026-02-26 22:33:23"}
{"context":"ProductosService","level":"info","message":"Se encontraron 65 productos","timestamp":"2026-02-26 22:33:23"}
{"context":"ProductosService","level":"info","message":"Consultando todos los productos","timestamp":"2026-02-26 22:35:51"}
{"context":"ProductosService","level":"info","message":"Se encontraron 65 productos","timestamp":"2026-02-26 22:35:51"}
{"context":"ProductosService","level":"info","message":"Consultando todos los productos","timestamp":"2026-02-26 22:35:51"}
{"context":"ProductosService","level":"info","message":"Se encontraron 65 productos","timestamp":"2026-02-26 22:35:52"}
{"context":"ProductosService","level":"info","message":"Consultando todos los productos","timestamp":"2026-02-26 22:50:17"}
{"context":"ProductosService","level":"info","message":"Se encontraron 65 productos","timestamp":"2026-02-26 22:50:18"}
{"context":"ProductosService","level":"info","message":"Consultando todos los productos","timestamp":"2026-02-26 22:50:18"}
{"context":"ProductosService","level":"info","message":"Se encontraron 65 productos","timestamp":"2026-02-26 22:50:18"}
{"context":"ProductosService","id":"78","level":"info","message":"Buscando producto con ID: 78","timestamp":"2026-02-26 22:50:21"}
{"context":"ProductosService","level":"info","message":"Producto encontrado: Pista Hotwheel Choque en el aire Nuevo 2025","timestamp":"2026-02-26 22:50:22"}
{"context":"ProductosService","id":"78","level":"info","message":"Buscando producto con ID: 78","timestamp":"2026-02-26 22:50:22"}
{"context":"ProductosService","level":"info","message":"Producto encontrado: Pista Hotwheel Choque en el aire Nuevo 2025","timestamp":"2026-02-26 22:50:22"}
{"context":"ProductosService","id":"78","level":"info","message":"Buscando producto con ID: 78","timestamp":"2026-02-26 22:52:25"}
{"context":"ProductosService","level":"info","message":"Producto encontrado: Pista Hotwheel Choque en el aire Nuevo 2025","timestamp":"2026-02-26 22:52:25"}
{"context":"ProductosService","id":"78","level":"info","message":"Buscando producto con ID: 78","timestamp":"2026-02-26 22:52:25"}
{"context":"ProductosService","level":"info","message":"Producto encontrado: Pista Hotwheel Choque en el aire Nuevo 2025","timestamp":"2026-02-26 22:52:26"}
{"context":"ProductosService","id":"78","level":"info","message":"Buscando producto con ID: 78","timestamp":"2026-02-26 22:53:27"}
{"context":"ProductosService","id":"78","level":"info","message":"Buscando producto con ID: 78","timestamp":"2026-02-26 22:53:27"}
{"context":"ProductosService","level":"info","message":"Producto encontrado: Pista Hotwheel Choque en el aire Nuevo 2025","timestamp":"2026-02-26 22:53:28"}
{"context":"ProductosService","level":"info","message":"Producto encontrado: Pista Hotwheel Choque en el aire Nuevo 2025","timestamp":"2026-02-26 22:53:28"}
{"context":"ProductosService","level":"info","message":"Consultando todos los productos","timestamp":"2026-02-26 22:56:01"}
{"context":"ProductosService","level":"info","message":"Se encontraron 65 productos","timestamp":"2026-02-26 22:56:01"}
{"context":"ProductosService","level":"info","message":"Consultando todos los productos","timestamp":"2026-02-26 22:56:01"}
{"context":"ProductosService","level":"info","message":"Se encontraron 65 productos","timestamp":"2026-02-26 22:56:02"}
{"context":"ProductosService","level":"info","message":"Consultando todos los productos","timestamp":"2026-02-26 22:56:06"}
{"context":"ProductosService","level":"info","message":"Se encontraron 65 productos","timestamp":"2026-02-26 22:56:07"}
{"context":"ProductosService","level":"info","message":"Consultando todos los productos","timestamp":"2026-02-26 22:56:07"}
{"context":"ProductosService","level":"info","message":"Se encontraron 65 productos","timestamp":"2026-02-26 22:56:07"}
{"context":"ProductosService","id":"78","level":"info","message":"Buscando producto con ID: 78","timestamp":"2026-02-26 22:56:08"}
{"context":"ProductosService","level":"info","message":"Producto encontrado: Pista Hotwheel Choque en el aire Nuevo 2025","timestamp":"2026-02-26 22:56:09"}
{"context":"ProductosService","id":"78","level":"info","message":"Buscando producto con ID: 78","timestamp":"2026-02-26 22:56:09"}
{"context":"ProductosService","level":"info","message":"Producto encontrado: Pista Hotwheel Choque en el aire Nuevo 2025","timestamp":"2026-02-26 22:56:09"}
{"context":"ProductosService","id":"78","level":"info","message":"Buscando producto con ID: 78","timestamp":"2026-02-26 22:57:30"}
{"context":"ProductosService","level":"info","message":"Producto encontrado: Pista Hotwheel Choque en el aire Nuevo 2025","timestamp":"2026-02-26 22:57:31"}
{"context":"ProductosService","id":"78","level":"info","message":"Buscando producto con ID: 78","timestamp":"2026-02-26 22:57:31"}
{"context":"ProductosService","level":"info","message":"Producto encontrado: Pista Hotwheel Choque en el aire Nuevo 2025","timestamp":"2026-02-26 22:57:31"}
{"context":"ProductosService","level":"info","message":"Consultando todos los productos","timestamp":"2026-02-26 22:59:37"}
{"context":"ProductosService","level":"info","message":"Se encontraron 65 productos","timestamp":"2026-02-26 22:59:38"}
{"context":"ProductosService","level":"info","message":"Consultando todos los productos","timestamp":"2026-02-26 22:59:38"}
{"context":"ProductosService","level":"info","message":"Se encontraron 65 productos","timestamp":"2026-02-26 22:59:38"}
{"context":"ProductosService","id":"78","level":"info","message":"Buscando producto con ID: 78","timestamp":"2026-02-26 22:59:41"}
{"context":"ProductosService","level":"info","message":"Producto encontrado: Pista Hotwheel Choque en el aire Nuevo 2025","timestamp":"2026-02-26 22:59:42"}
{"context":"ProductosService","id":"78","level":"info","message":"Buscando producto con ID: 78","timestamp":"2026-02-26 22:59:42"}
{"context":"ProductosService","level":"info","message":"Producto encontrado: Pista Hotwheel Choque en el aire Nuevo 2025","timestamp":"2026-02-26 22:59:42"}
{"context":"ProductosService","level":"info","message":"Consultando todos los productos","timestamp":"2026-02-26 22:59:43"}
{"context":"ProductosService","level":"info","message":"Se encontraron 65 productos","timestamp":"2026-02-26 22:59:44"}
{"context":"ProductosService","level":"info","message":"Consultando todos los productos","timestamp":"2026-02-26 22:59:44"}
{"context":"ProductosService","level":"info","message":"Se encontraron 65 productos","timestamp":"2026-02-26 22:59:44"}
{"context":"ProductosService","level":"info","message":"Consultando todos los productos","timestamp":"2026-02-26 23:02:36"}
{"context":"ProductosService","level":"info","message":"Se encontraron 65 productos","timestamp":"2026-02-26 23:02:37"}
{"context":"ProductosService","level":"info","message":"Consultando todos los productos","timestamp":"2026-02-26 23:02:37"}
{"context":"ProductosService","level":"info","message":"Se encontraron 65 productos","timestamp":"2026-02-26 23:02:37"}
{"context":"ProductosService","id":"78","level":"info","message":"Buscando producto con ID: 78","timestamp":"2026-02-26 23:02:40"}
{"context":"ProductosService","level":"info","message":"Producto encontrado: Pista Hotwheel Choque en el aire Nuevo 2025","timestamp":"2026-02-26 23:02:40"}
{"context":"ProductosService","id":"78","level":"info","message":"Buscando producto con ID: 78","timestamp":"2026-02-26 23:02:40"}
{"context":"ProductosService","level":"info","message":"Producto encontrado: Pista Hotwheel Choque en el aire Nuevo 2025","timestamp":"2026-02-26 23:02:40"}
{"context":"ProductosService","id":"78","level":"info","message":"Iniciando actualización de producto ID: 78","timestamp":"2026-02-26 23:04:40"}
{"context":"ProductosService","id":"78","level":"info","message":"Producto actualizado exitosamente: ID 78","timestamp":"2026-02-26 23:04:41"}
{"context":"ProductosService","level":"info","message":"Consultando todos los productos","timestamp":"2026-02-26 23:04:43"}
{"context":"ProductosService","level":"info","message":"Se encontraron 65 productos","timestamp":"2026-02-26 23:04:43"}
{"context":"ProductosService","level":"info","message":"Consultando todos los productos","timestamp":"2026-02-26 23:04:43"}
{"context":"ProductosService","level":"info","message":"Se encontraron 65 productos","timestamp":"2026-02-26 23:04:43"}
{"context":"ProductosService","id":"78","level":"info","message":"Buscando producto con ID: 78","timestamp":"2026-02-26 23:05:02"}
{"context":"ProductosService","level":"info","message":"Producto encontrado: Pista Hotwheel Choque en el aire Nuevo 2025","timestamp":"2026-02-26 23:05:03"}
{"context":"ProductosService","id":"78","level":"info","message":"Buscando producto con ID: 78","timestamp":"2026-02-26 23:05:03"}
{"context":"ProductosService","level":"info","message":"Producto encontrado: Pista Hotwheel Choque en el aire Nuevo 2025","timestamp":"2026-02-26 23:05:03"}
{"context":"ProductosService","id":"78","level":"info","message":"Iniciando actualización de producto ID: 78","timestamp":"2026-02-26 23:05:11"}
{"context":"ProductosService","id":"78","level":"info","message":"Producto actualizado exitosamente: ID 78","timestamp":"2026-02-26 23:05:12"}
{"context":"ProductosService","level":"info","message":"Consultando todos los productos","timestamp":"2026-02-26 23:05:41"}
{"context":"ProductosService","level":"info","message":"Se encontraron 65 productos","timestamp":"2026-02-26 23:05:42"}
{"context":"ProductosService","level":"info","message":"Consultando todos los productos","timestamp":"2026-02-26 23:05:42"}
{"context":"ProductosService","level":"info","message":"Se encontraron 65 productos","timestamp":"2026-02-26 23:05:42"}
{"context":"ProductosService","level":"info","message":"Consultando todos los productos","timestamp":"2026-02-26 23:14:37"}
{"context":"ProductosService","level":"info","message":"Se encontraron 65 productos","timestamp":"2026-02-26 23:14:38"}
{"context":"ProductosService","level":"info","message":"Consultando todos los productos","timestamp":"2026-02-26 23:14:38"}
{"context":"ProductosService","level":"info","message":"Se encontraron 65 productos","timestamp":"2026-02-26 23:14:38"}
{"context":"ProductosService","id":"77","level":"info","message":"Buscando producto con ID: 77","timestamp":"2026-02-26 23:20:08"}
{"context":"ProductosService","level":"info","message":"Producto encontrado: Spider Man Aranhamovel de combateW Web Splashers","timestamp":"2026-02-26 23:20:08"}
{"context":"ProductosService","id":"77","level":"info","message":"Buscando producto con ID: 77","timestamp":"2026-02-26 23:20:08"}
{"context":"ProductosService","level":"info","message":"Producto encontrado: Spider Man Aranhamovel de combateW Web Splashers","timestamp":"2026-02-26 23:20:08"}
{"context":"ProductosService","level":"info","message":"Consultando todos los productos","timestamp":"2026-02-26 23:21:17"}
{"context":"ProductosService","level":"info","message":"Se encontraron 65 productos","timestamp":"2026-02-26 23:21:18"}
{"context":"ProductosService","level":"info","message":"Consultando todos los productos","timestamp":"2026-02-26 23:21:18"}
{"context":"ProductosService","level":"info","message":"Se encontraron 65 productos","timestamp":"2026-02-26 23:21:18"}
{"context":"ProductosService","id":"77","level":"info","message":"Buscando producto con ID: 77","timestamp":"2026-02-26 23:21:19"}
{"context":"ProductosService","level":"info","message":"Producto encontrado: Spider Man Aranhamovel de combateW Web Splashers","timestamp":"2026-02-26 23:21:19"}
{"context":"ProductosService","id":"77","level":"info","message":"Buscando producto con ID: 77","timestamp":"2026-02-26 23:21:19"}
{"context":"ProductosService","level":"info","message":"Producto encontrado: Spider Man Aranhamovel de combateW Web Splashers","timestamp":"2026-02-26 23:21:20"}
{"context":"ProductosService","id":"77","level":"info","message":"Iniciando actualización de producto ID: 77","timestamp":"2026-02-26 23:21:36"}
{"context":"ProductosService","id":"77","level":"info","message":"Producto actualizado exitosamente: ID 77","timestamp":"2026-02-26 23:21:37"}
{"context":"ProductosService","level":"info","message":"Consultando todos los productos","timestamp":"2026-02-26 23:21:39"}
{"context":"ProductosService","level":"info","message":"Se encontraron 65 productos","timestamp":"2026-02-26 23:21:39"}
{"context":"ProductosService","level":"info","message":"Consultando todos los productos","timestamp":"2026-02-26 23:21:39"}
{"context":"ProductosService","level":"info","message":"Se encontraron 65 productos","timestamp":"2026-02-26 23:21:40"}
{"context":"ProductosService","id":"76","level":"info","message":"Buscando producto con ID: 76","timestamp":"2026-02-26 23:21:45"}
{"context":"ProductosService","level":"info","message":"Producto encontrado: Robot Blanco Maze Breaker","timestamp":"2026-02-26 23:21:46"}
{"context":"ProductosService","id":"76","level":"info","message":"Buscando producto con ID: 76","timestamp":"2026-02-26 23:21:46"}
{"context":"ProductosService","level":"info","message":"Producto encontrado: Robot Blanco Maze Breaker","timestamp":"2026-02-26 23:21:46"}
{"context":"ProductosService","id":"76","level":"info","message":"Iniciando actualización de producto ID: 76","timestamp":"2026-02-26 23:23:03"}
{"context":"ProductosService","id":"76","level":"info","message":"Producto actualizado exitosamente: ID 76","timestamp":"2026-02-26 23:23:04"}
{"context":"ProductosService","level":"info","message":"Consultando todos los productos","timestamp":"2026-02-26 23:23:06"}
{"context":"ProductosService","level":"info","message":"Se encontraron 65 productos","timestamp":"2026-02-26 23:23:06"}
{"context":"ProductosService","level":"info","message":"Consultando todos los productos","timestamp":"2026-02-26 23:23:06"}
{"context":"ProductosService","level":"info","message":"Se encontraron 65 productos","timestamp":"2026-02-26 23:23:06"}
{"context":"ProductosService","id":"75","level":"info","message":"Buscando producto con ID: 75","timestamp":"2026-02-26 23:23:12"}
{"context":"ProductosService","level":"info","message":"Producto encontrado: Hot wheel City heladeria en la ciudad","timestamp":"2026-02-26 23:23:13"}
{"context":"ProductosService","id":"75","level":"info","message":"Buscando producto con ID: 75","timestamp":"2026-02-26 23:23:13"}
{"context":"ProductosService","level":"info","message":"Producto encontrado: Hot wheel City heladeria en la ciudad","timestamp":"2026-02-26 23:23:13"}
{"context":"ProductosService","id":"75","level":"info","message":"Iniciando actualización de producto ID: 75","timestamp":"2026-02-26 23:24:41"}
{"context":"ProductosService","id":"75","level":"info","message":"Producto actualizado exitosamente: ID 75","timestamp":"2026-02-26 23:24:42"}
{"context":"ProductosService","level":"info","message":"Consultando todos los productos","timestamp":"2026-02-26 23:24:44"}
{"context":"ProductosService","level":"info","message":"Se encontraron 65 productos","timestamp":"2026-02-26 23:24:45"}
{"context":"ProductosService","level":"info","message":"Consultando todos los productos","timestamp":"2026-02-26 23:24:45"}
{"context":"ProductosService","level":"info","message":"Se encontraron 65 productos","timestamp":"2026-02-26 23:24:45"}
{"context":"ProductosService","id":"74","level":"info","message":"Buscando producto con ID: 74","timestamp":"2026-02-26 23:25:08"}
{"context":"ProductosService","level":"info","message":"Producto encontrado: Set de Doctor Azul Mochila Kids Time","timestamp":"2026-02-26 23:25:08"}
{"context":"ProductosService","id":"74","level":"info","message":"Buscando producto con ID: 74","timestamp":"2026-02-26 23:25:08"}
{"context":"ProductosService","level":"info","message":"Producto encontrado: Set de Doctor Azul Mochila Kids Time","timestamp":"2026-02-26 23:25:09"}
{"context":"ProductosService","id":"74","level":"info","message":"Iniciando actualización de producto ID: 74","timestamp":"2026-02-26 23:26:48"}
{"context":"ProductosService","id":"74","level":"info","message":"Producto actualizado exitosamente: ID 74","timestamp":"2026-02-26 23:26:49"}
{"context":"ProductosService","level":"info","message":"Consultando todos los productos","timestamp":"2026-02-26 23:26:51"}
{"context":"ProductosService","level":"info","message":"Se encontraron 65 productos","timestamp":"2026-02-26 23:26:51"}
{"context":"ProductosService","level":"info","message":"Consultando todos los productos","timestamp":"2026-02-26 23:26:51"}
{"context":"ProductosService","level":"info","message":"Se encontraron 65 productos","timestamp":"2026-02-26 23:26:52"}
{"context":"ProductosService","id":"73","level":"info","message":"Buscando producto con ID: 73","timestamp":"2026-02-26 23:27:01"}
{"context":"ProductosService","level":"info","message":"Producto encontrado: Reloj Didactico Spark create imagine","timestamp":"2026-02-26 23:27:02"}
{"context":"ProductosService","id":"73","level":"info","message":"Buscando producto con ID: 73","timestamp":"2026-02-26 23:27:02"}
{"context":"ProductosService","level":"info","message":"Producto encontrado: Reloj Didactico Spark create imagine","timestamp":"2026-02-26 23:27:02"}
{"context":"ProductosService","id":"73","level":"info","message":"Iniciando actualización de producto ID: 73","timestamp":"2026-02-26 23:28:09"}
{"context":"ProductosService","id":"73","level":"info","message":"Producto actualizado exitosamente: ID 73","timestamp":"2026-02-26 23:28:10"}
{"context":"ProductosService","level":"info","message":"Consultando todos los productos","timestamp":"2026-02-26 23:28:12"}
{"context":"ProductosService","level":"info","message":"Se encontraron 65 productos","timestamp":"2026-02-26 23:28:12"}
{"context":"ProductosService","level":"info","message":"Consultando todos los productos","timestamp":"2026-02-26 23:28:12"}
{"context":"ProductosService","level":"info","message":"Se encontraron 65 productos","timestamp":"2026-02-26 23:28:12"}
{"context":"ProductosService","id":"72","level":"info","message":"Buscando producto con ID: 72","timestamp":"2026-02-26 23:29:28"}
{"context":"ProductosService","level":"info","message":"Producto encontrado: Arpiradora My Light up Vacuum Cleaner Luz y Sonido","timestamp":"2026-02-26 23:29:29"}
{"context":"ProductosService","id":"72","level":"info","message":"Buscando producto con ID: 72","timestamp":"2026-02-26 23:29:29"}
{"context":"ProductosService","level":"info","message":"Producto encontrado: Arpiradora My Light up Vacuum Cleaner Luz y Sonido","timestamp":"2026-02-26 23:29:29"}
{"context":"ProductosService","id":"72","level":"info","message":"Iniciando actualización de producto ID: 72","timestamp":"2026-02-26 23:31:29"}
{"context":"ProductosService","id":"72","level":"info","message":"Producto actualizado exitosamente: ID 72","timestamp":"2026-02-26 23:31:30"}
{"context":"ProductosService","level":"info","message":"Consultando todos los productos","timestamp":"2026-02-26 23:31:32"}
{"context":"ProductosService","level":"info","message":"Se encontraron 65 productos","timestamp":"2026-02-26 23:31:32"}
{"context":"ProductosService","level":"info","message":"Consultando todos los productos","timestamp":"2026-02-26 23:31:32"}
{"context":"ProductosService","level":"info","message":"Se encontraron 65 productos","timestamp":"2026-02-26 23:31:32"}
{"context":"ProductosService","id":"71","level":"info","message":"Buscando producto con ID: 71","timestamp":"2026-02-26 23:31:40"}
{"context":"ProductosService","level":"info","message":"Producto encontrado: Play Mobil Bombero 23 piezas","timestamp":"2026-02-26 23:31:41"}
{"context":"ProductosService","id":"71","level":"info","message":"Buscando producto con ID: 71","timestamp":"2026-02-26 23:31:41"}
{"context":"ProductosService","level":"info","message":"Producto encontrado: Play Mobil Bombero 23 piezas","timestamp":"2026-02-26 23:31:41"}
{"context":"ProductosService","id":"71","level":"info","message":"Iniciando actualización de producto ID: 71","timestamp":"2026-02-26 23:32:56"}
{"context":"ProductosService","id":"71","level":"info","message":"Producto actualizado exitosamente: ID 71","timestamp":"2026-02-26 23:32:57"}
{"context":"ProductosService","level":"info","message":"Consultando todos los productos","timestamp":"2026-02-26 23:32:59"}
{"context":"ProductosService","level":"info","message":"Se encontraron 65 productos","timestamp":"2026-02-26 23:32:59"}
{"context":"ProductosService","level":"info","message":"Consultando todos los productos","timestamp":"2026-02-26 23:32:59"}
{"context":"ProductosService","level":"info","message":"Se encontraron 65 productos","timestamp":"2026-02-26 23:33:00"}
{"context":"ProductosService","id":"70","level":"info","message":"Buscando producto con ID: 70","timestamp":"2026-02-26 23:33:05"}
{"context":"ProductosService","level":"info","message":"Producto encontrado: Lego Classic Creative Neon Fun 333 Piezas","timestamp":"2026-02-26 23:33:06"}
{"context":"ProductosService","id":"70","level":"info","message":"Buscando producto con ID: 70","timestamp":"2026-02-26 23:33:06"}
{"context":"ProductosService","level":"info","message":"Producto encontrado: Lego Classic Creative Neon Fun 333 Piezas","timestamp":"2026-02-26 23:33:06"}
{"context":"ProductosService","id":"70","level":"info","message":"Iniciando actualización de producto ID: 70","timestamp":"2026-02-26 23:34:11"}
{"context":"ProductosService","id":"70","level":"info","message":"Producto actualizado exitosamente: ID 70","timestamp":"2026-02-26 23:34:12"}
{"context":"ProductosService","level":"info","message":"Consultando todos los productos","timestamp":"2026-02-26 23:34:14"}
{"context":"ProductosService","level":"info","message":"Se encontraron 65 productos","timestamp":"2026-02-26 23:34:15"}
{"context":"ProductosService","level":"info","message":"Consultando todos los productos","timestamp":"2026-02-26 23:34:15"}
{"context":"ProductosService","level":"info","message":"Se encontraron 65 productos","timestamp":"2026-02-26 23:34:15"}
{"context":"ProductosService","id":"69","level":"info","message":"Buscando producto con ID: 69","timestamp":"2026-02-26 23:35:38"}
{"context":"ProductosService","level":"info","message":"Producto encontrado: Lego city Stunt competition 73 Piezas","timestamp":"2026-02-26 23:35:39"}
{"context":"ProductosService","id":"69","level":"info","message":"Buscando producto con ID: 69","timestamp":"2026-02-26 23:35:39"}
{"context":"ProductosService","level":"info","message":"Producto encontrado: Lego city Stunt competition 73 Piezas","timestamp":"2026-02-26 23:35:39"}
{"context":"ProductosService","level":"info","message":"Consultando todos los productos","timestamp":"2026-02-26 23:36:41"}
{"context":"ProductosService","level":"info","message":"Se encontraron 65 productos","timestamp":"2026-02-26 23:36:41"}
{"context":"ProductosService","level":"info","message":"Consultando todos los productos","timestamp":"2026-02-26 23:36:41"}
{"context":"ProductosService","level":"info","message":"Se encontraron 65 productos","timestamp":"2026-02-26 23:36:42"}
{"context":"ProductosService","id":"69","level":"info","message":"Buscando producto con ID: 69","timestamp":"2026-02-26 23:36:44"}
{"context":"ProductosService","level":"info","message":"Producto encontrado: Lego city Stunt competition 73 Piezas","timestamp":"2026-02-26 23:36:44"}
{"context":"ProductosService","id":"69","level":"info","message":"Buscando producto con ID: 69","timestamp":"2026-02-26 23:36:44"}
{"context":"ProductosService","level":"info","message":"Producto encontrado: Lego city Stunt competition 73 Piezas","timestamp":"2026-02-26 23:36:45"}
{"context":"ProductosService","id":"69","level":"info","message":"Iniciando actualización de producto ID: 69","timestamp":"2026-02-26 23:37:00"}
{"context":"ProductosService","id":"69","level":"info","message":"Producto actualizado exitosamente: ID 69","timestamp":"2026-02-26 23:37:01"}
{"context":"ProductosService","level":"info","message":"Consultando todos los productos","timestamp":"2026-02-26 23:37:03"}
{"context":"ProductosService","level":"info","message":"Se encontraron 65 productos","timestamp":"2026-02-26 23:37:03"}
{"context":"ProductosService","level":"info","message":"Consultando todos los productos","timestamp":"2026-02-26 23:37:03"}
{"context":"ProductosService","level":"info","message":"Se encontraron 65 productos","timestamp":"2026-02-26 23:37:04"}
{"context":"ProductosService","id":"68","level":"info","message":"Buscando producto con ID: 68","timestamp":"2026-02-26 23:37:10"}
{"context":"ProductosService","level":"info","message":"Producto encontrado: Lego Marvel Drill Spinner Vehicle 58 Piezas Spidey and his amazing friends","timestamp":"2026-02-26 23:37:11"}
{"context":"ProductosService","id":"68","level":"info","message":"Buscando producto con ID: 68","timestamp":"2026-02-26 23:37:11"}
{"context":"ProductosService","level":"info","message":"Producto encontrado: Lego Marvel Drill Spinner Vehicle 58 Piezas Spidey and his amazing friends","timestamp":"2026-02-26 23:37:11"}
{"context":"ProductosService","id":"68","level":"info","message":"Iniciando actualización de producto ID: 68","timestamp":"2026-02-26 23:38:17"}
{"context":"ProductosService","id":"68","level":"info","message":"Producto actualizado exitosamente: ID 68","timestamp":"2026-02-26 23:38:18"}
{"context":"ProductosService","level":"info","message":"Consultando todos los productos","timestamp":"2026-02-26 23:38:20"}
{"context":"ProductosService","level":"info","message":"Se encontraron 65 productos","timestamp":"2026-02-26 23:38:20"}
{"context":"ProductosService","level":"info","message":"Consultando todos los productos","timestamp":"2026-02-26 23:38:20"}
{"context":"ProductosService","level":"info","message":"Se encontraron 65 productos","timestamp":"2026-02-26 23:38:20"}
{"context":"ProductosService","id":"67","level":"info","message":"Buscando producto con ID: 67","timestamp":"2026-02-26 23:38:23"}
{"context":"ProductosService","level":"info","message":"Producto encontrado: Legos Super Mario Abeja 13Piezas","timestamp":"2026-02-26 23:38:23"}
{"context":"ProductosService","id":"67","level":"info","message":"Buscando producto con ID: 67","timestamp":"2026-02-26 23:38:23"}
{"context":"ProductosService","level":"info","message":"Producto encontrado: Legos Super Mario Abeja 13Piezas","timestamp":"2026-02-26 23:38:24"}
{"context":"ProductosService","id":"67","level":"info","message":"Iniciando actualización de producto ID: 67","timestamp":"2026-02-26 23:39:11"}
{"context":"ProductosService","id":"67","level":"info","message":"Producto actualizado exitosamente: ID 67","timestamp":"2026-02-26 23:39:12"}
{"context":"ProductosService","level":"info","message":"Consultando todos los productos","timestamp":"2026-02-26 23:39:14"}
{"context":"ProductosService","level":"info","message":"Se encontraron 65 productos","timestamp":"2026-02-26 23:39:14"}
{"context":"ProductosService","level":"info","message":"Consultando todos los productos","timestamp":"2026-02-26 23:39:14"}
{"context":"ProductosService","level":"info","message":"Se encontraron 65 productos","timestamp":"2026-02-26 23:39:14"}
{"context":"ProductosService","id":"66","level":"info","message":"Buscando producto con ID: 66","timestamp":"2026-02-26 23:39:20"}
{"context":"ProductosService","level":"info","message":"Producto encontrado: Balones de Futbol FiFa World Cup#5","timestamp":"2026-02-26 23:39:20"}
{"context":"ProductosService","id":"66","level":"info","message":"Buscando producto con ID: 66","timestamp":"2026-02-26 23:39:20"}
{"context":"ProductosService","level":"info","message":"Producto encontrado: Balones de Futbol FiFa World Cup#5","timestamp":"2026-02-26 23:39:21"}
{"context":"ProductosService","id":"66","level":"info","message":"Iniciando actualización de producto ID: 66","timestamp":"2026-02-26 23:40:22"}
{"context":"ProductosService","id":"66","level":"info","message":"Producto actualizado exitosamente: ID 66","timestamp":"2026-02-26 23:40:23"}
{"context":"ProductosService","level":"info","message":"Consultando todos los productos","timestamp":"2026-02-26 23:40:25"}
{"context":"ProductosService","level":"info","message":"Se encontraron 65 productos","timestamp":"2026-02-26 23:40:25"}
{"context":"ProductosService","level":"info","message":"Consultando todos los productos","timestamp":"2026-02-26 23:40:25"}
{"context":"ProductosService","level":"info","message":"Se encontraron 65 productos","timestamp":"2026-02-26 23:40:26"}
{"context":"ProductosService","id":"65","level":"info","message":"Buscando producto con ID: 65","timestamp":"2026-02-26 23:42:18"}
{"context":"ProductosService","level":"info","message":"Producto encontrado: Smartphone Deluxe de Aprendizaje Verde Fisher Price","timestamp":"2026-02-26 23:42:19"}
{"context":"ProductosService","id":"65","level":"info","message":"Buscando producto con ID: 65","timestamp":"2026-02-26 23:42:19"}
{"context":"ProductosService","level":"info","message":"Producto encontrado: Smartphone Deluxe de Aprendizaje Verde Fisher Price","timestamp":"2026-02-26 23:42:19"}
{"context":"ProductosService","id":"65","level":"info","message":"Iniciando actualización de producto ID: 65","timestamp":"2026-02-26 23:43:25"}
{"context":"ProductosService","id":"65","level":"info","message":"Producto actualizado exitosamente: ID 65","timestamp":"2026-02-26 23:43:26"}
{"context":"ProductosService","level":"info","message":"Consultando todos los productos","timestamp":"2026-02-26 23:43:28"}
{"context":"ProductosService","level":"info","message":"Se encontraron 65 productos","timestamp":"2026-02-26 23:43:28"}
{"context":"ProductosService","level":"info","message":"Consultando todos los productos","timestamp":"2026-02-26 23:43:28"}
{"context":"ProductosService","level":"info","message":"Se encontraron 65 productos","timestamp":"2026-02-26 23:43:29"}
{"context":"ProductosService","id":"63","level":"info","message":"Buscando producto con ID: 63","timestamp":"2026-02-26 23:43:41"}
{"context":"ProductosService","level":"info","message":"Producto encontrado: Mini Rocola Rojo Kids Time","timestamp":"2026-02-26 23:43:42"}
{"context":"ProductosService","id":"63","level":"info","message":"Buscando producto con ID: 63","timestamp":"2026-02-26 23:43:42"}
{"context":"ProductosService","level":"info","message":"Producto encontrado: Mini Rocola Rojo Kids Time","timestamp":"2026-02-26 23:43:42"}
{"context":"ProductosService","id":"63","level":"info","message":"Iniciando actualización de producto ID: 63","timestamp":"2026-02-26 23:44:44"}
{"context":"ProductosService","id":"63","level":"info","message":"Producto actualizado exitosamente: ID 63","timestamp":"2026-02-26 23:44:45"}
{"context":"ProductosService","level":"info","message":"Consultando todos los productos","timestamp":"2026-02-26 23:44:47"}
{"context":"ProductosService","level":"info","message":"Se encontraron 65 productos","timestamp":"2026-02-26 23:44:47"}
{"context":"ProductosService","level":"info","message":"Consultando todos los productos","timestamp":"2026-02-26 23:44:47"}
{"context":"ProductosService","level":"info","message":"Se encontraron 65 productos","timestamp":"2026-02-26 23:44:48"}
{"context":"ProductosService","id":"64","level":"info","message":"Buscando producto con ID: 64","timestamp":"2026-02-26 23:44:52"}
{"context":"ProductosService","level":"info","message":"Producto encontrado: Guitarra Musical Rojo Luz Y Sonido KidsTime","timestamp":"2026-02-26 23:44:53"}
{"context":"ProductosService","id":"64","level":"info","message":"Buscando producto con ID: 64","timestamp":"2026-02-26 23:44:53"}
{"context":"ProductosService","level":"info","message":"Producto encontrado: Guitarra Musical Rojo Luz Y Sonido KidsTime","timestamp":"2026-02-26 23:44:53"}
{"context":"ProductosService","id":"64","level":"info","message":"Iniciando actualización de producto ID: 64","timestamp":"2026-02-26 23:45:44"}
{"context":"ProductosService","id":"64","level":"info","message":"Producto actualizado exitosamente: ID 64","timestamp":"2026-02-26 23:45:45"}
{"context":"ProductosService","level":"info","message":"Consultando todos los productos","timestamp":"2026-02-26 23:45:47"}
{"context":"ProductosService","level":"info","message":"Se encontraron 65 productos","timestamp":"2026-02-26 23:45:47"}
{"context":"ProductosService","level":"info","message":"Consultando todos los productos","timestamp":"2026-02-26 23:45:47"}
{"context":"ProductosService","level":"info","message":"Se encontraron 65 productos","timestamp":"2026-02-26 23:45:48"}
{"context":"ProductosService","id":"62","level":"info","message":"Buscando producto con ID: 62","timestamp":"2026-02-26 23:45:54"}
{"context":"ProductosService","level":"info","message":"Producto encontrado: Leon Animalito Rodante Kids Time Luz y Sonido","timestamp":"2026-02-26 23:45:55"}
{"context":"ProductosService","id":"62","level":"info","message":"Buscando producto con ID: 62","timestamp":"2026-02-26 23:45:55"}
{"context":"ProductosService","level":"info","message":"Producto encontrado: Leon Animalito Rodante Kids Time Luz y Sonido","timestamp":"2026-02-26 23:45:55"}
{"context":"ProductosService","id":"62","level":"info","message":"Iniciando actualización de producto ID: 62","timestamp":"2026-02-26 23:46:58"}
{"context":"ProductosService","id":"62","level":"info","message":"Producto actualizado exitosamente: ID 62","timestamp":"2026-02-26 23:46:59"}
{"context":"ProductosService","level":"info","message":"Consultando todos los productos","timestamp":"2026-02-26 23:47:01"}
{"context":"ProductosService","level":"info","message":"Se encontraron 65 productos","timestamp":"2026-02-26 23:47:01"}
{"context":"ProductosService","level":"info","message":"Consultando todos los productos","timestamp":"2026-02-26 23:47:01"}
{"context":"ProductosService","level":"info","message":"Se encontraron 65 productos","timestamp":"2026-02-26 23:47:02"}
{"context":"ProductosService","id":"61","level":"info","message":"Buscando producto con ID: 61","timestamp":"2026-02-26 23:47:43"}
{"context":"ProductosService","level":"info","message":"Producto encontrado: Piano Musical de Autobus Amarillo Kids Time","timestamp":"2026-02-26 23:47:43"}
{"context":"ProductosService","id":"61","level":"info","message":"Buscando producto con ID: 61","timestamp":"2026-02-26 23:47:43"}
{"context":"ProductosService","level":"info","message":"Producto encontrado: Piano Musical de Autobus Amarillo Kids Time","timestamp":"2026-02-26 23:47:44"}
{"context":"ProductosService","id":"61","level":"info","message":"Iniciando actualización de producto ID: 61","timestamp":"2026-02-26 23:48:23"}
{"context":"ProductosService","id":"61","level":"info","message":"Producto actualizado exitosamente: ID 61","timestamp":"2026-02-26 23:48:24"}
{"context":"ProductosService","level":"info","message":"Consultando todos los productos","timestamp":"2026-02-26 23:48:26"}
{"context":"ProductosService","level":"info","message":"Se encontraron 65 productos","timestamp":"2026-02-26 23:48:27"}
{"context":"ProductosService","level":"info","message":"Consultando todos los productos","timestamp":"2026-02-26 23:48:27"}
{"context":"ProductosService","level":"info","message":"Se encontraron 65 productos","timestamp":"2026-02-26 23:48:28"}
{"context":"ProductosService","id":"60","level":"info","message":"Buscando producto con ID: 60","timestamp":"2026-02-26 23:48:32"}
{"context":"ProductosService","level":"info","message":"Producto encontrado: Piano Musical de Autobus Rojo Kids Time","timestamp":"2026-02-26 23:48:32"}
{"context":"ProductosService","id":"60","level":"info","message":"Buscando producto con ID: 60","timestamp":"2026-02-26 23:48:32"}
{"context":"ProductosService","level":"info","message":"Producto encontrado: Piano Musical de Autobus Rojo Kids Time","timestamp":"2026-02-26 23:48:33"}
{"context":"ProductosService","id":"60","level":"info","message":"Iniciando actualización de producto ID: 60","timestamp":"2026-02-26 23:49:27"}
{"context":"ProductosService","id":"60","level":"info","message":"Producto actualizado exitosamente: ID 60","timestamp":"2026-02-26 23:49:28"}
{"context":"ProductosService","level":"info","message":"Consultando todos los productos","timestamp":"2026-02-26 23:49:30"}
{"context":"ProductosService","level":"info","message":"Se encontraron 65 productos","timestamp":"2026-02-26 23:49:30"}
{"context":"ProductosService","level":"info","message":"Consultando todos los productos","timestamp":"2026-02-26 23:49:31"}
{"context":"ProductosService","level":"info","message":"Se encontraron 65 productos","timestamp":"2026-02-26 23:49:31"}
{"context":"ProductosService","id":"59","level":"info","message":"Buscando producto con ID: 59","timestamp":"2026-02-26 23:49:36"}
{"context":"ProductosService","level":"info","message":"Producto encontrado: Letras Magneticas Bote Kids Time","timestamp":"2026-02-26 23:49:37"}
{"context":"ProductosService","id":"59","level":"info","message":"Buscando producto con ID: 59","timestamp":"2026-02-26 23:49:37"}
{"context":"ProductosService","level":"info","message":"Producto encontrado: Letras Magneticas Bote Kids Time","timestamp":"2026-02-26 23:49:37"}
{"context":"ProductosService","id":"59","level":"info","message":"Iniciando actualización de producto ID: 59","timestamp":"2026-02-26 23:50:55"}
{"context":"ProductosService","id":"59","level":"info","message":"Producto actualizado exitosamente: ID 59","timestamp":"2026-02-26 23:50:56"}
{"context":"ProductosService","level":"info","message":"Consultando todos los productos","timestamp":"2026-02-26 23:50:58"}
{"context":"ProductosService","level":"info","message":"Se encontraron 65 productos","timestamp":"2026-02-26 23:50:58"}
{"context":"ProductosService","level":"info","message":"Consultando todos los productos","timestamp":"2026-02-26 23:50:58"}
{"context":"ProductosService","level":"info","message":"Se encontraron 65 productos","timestamp":"2026-02-26 23:50:59"}
{"context":"ProductosService","id":"58","level":"info","message":"Buscando producto con ID: 58","timestamp":"2026-02-26 23:51:07"}
{"context":"ProductosService","level":"info","message":"Producto encontrado: Control Remoto de Juguete Kids Time Luz y Sonido","timestamp":"2026-02-26 23:51:08"}
{"context":"ProductosService","id":"58","level":"info","message":"Buscando producto con ID: 58","timestamp":"2026-02-26 23:51:08"}
{"context":"ProductosService","level":"info","message":"Producto encontrado: Control Remoto de Juguete Kids Time Luz y Sonido","timestamp":"2026-02-26 23:51:08"}
{"context":"ProductosService","level":"info","message":"Consultando todos los productos","timestamp":"2026-02-26 23:52:05"}
{"context":"ProductosService","level":"info","message":"Se encontraron 65 productos","timestamp":"2026-02-26 23:52:06"}
{"context":"ProductosService","level":"info","message":"Consultando todos los productos","timestamp":"2026-02-26 23:52:06"}
{"context":"ProductosService","level":"info","message":"Se encontraron 65 productos","timestamp":"2026-02-26 23:52:06"}
{"context":"ProductosService","id":"58","level":"info","message":"Buscando producto con ID: 58","timestamp":"2026-02-26 23:52:27"}
{"context":"ProductosService","level":"info","message":"Producto encontrado: Control Remoto de Juguete Kids Time Luz y Sonido","timestamp":"2026-02-26 23:52:27"}
{"context":"ProductosService","id":"58","level":"info","message":"Buscando producto con ID: 58","timestamp":"2026-02-26 23:52:27"}
{"context":"ProductosService","level":"info","message":"Producto encontrado: Control Remoto de Juguete Kids Time Luz y Sonido","timestamp":"2026-02-26 23:52:27"}
{"context":"ProductosService","id":"58","level":"info","message":"Iniciando actualización de producto ID: 58","timestamp":"2026-02-26 23:52:36"}
{"context":"ProductosService","id":"58","level":"info","message":"Producto actualizado exitosamente: ID 58","timestamp":"2026-02-26 23:52:37"}
{"context":"ProductosService","level":"info","message":"Consultando todos los productos","timestamp":"2026-02-26 23:52:39"}
{"context":"ProductosService","level":"info","message":"Se encontraron 65 productos","timestamp":"2026-02-26 23:52:39"}
{"context":"ProductosService","level":"info","message":"Consultando todos los productos","timestamp":"2026-02-26 23:52:39"}
{"context":"ProductosService","level":"info","message":"Se encontraron 65 productos","timestamp":"2026-02-26 23:52:40"}
{"context":"ProductosService","id":"57","level":"info","message":"Buscando producto con ID: 57","timestamp":"2026-02-26 23:52:45"}
{"context":"ProductosService","level":"info","message":"Producto encontrado: Mi Primera Caja rejistradora Kids Time Luz y Sonido","timestamp":"2026-02-26 23:52:45"}
{"context":"ProductosService","id":"57","level":"info","message":"Buscando producto con ID: 57","timestamp":"2026-02-26 23:52:45"}
{"context":"ProductosService","level":"info","message":"Producto encontrado: Mi Primera Caja rejistradora Kids Time Luz y Sonido","timestamp":"2026-02-26 23:52:46"}
{"context":"ProductosService","id":"57","level":"info","message":"Iniciando actualización de producto ID: 57","timestamp":"2026-02-26 23:54:40"}
{"context":"ProductosService","id":"57","level":"info","message":"Producto actualizado exitosamente: ID 57","timestamp":"2026-02-26 23:54:41"}
{"context":"ProductosService","level":"info","message":"Consultando todos los productos","timestamp":"2026-02-26 23:54:43"}
{"context":"ProductosService","level":"info","message":"Se encontraron 65 productos","timestamp":"2026-02-26 23:54:43"}
{"context":"ProductosService","level":"info","message":"Consultando todos los productos","timestamp":"2026-02-26 23:54:43"}
{"context":"ProductosService","level":"info","message":"Se encontraron 65 productos","timestamp":"2026-02-26 23:54:43"}
{"context":"ProductosService","id":"56","level":"info","message":"Buscando producto con ID: 56","timestamp":"2026-02-26 23:54:50"}
{"context":"ProductosService","level":"info","message":"Producto encontrado: Pistola de Agua Azul , Amarillo y blanco","timestamp":"2026-02-26 23:54:51"}
{"context":"ProductosService","id":"56","level":"info","message":"Buscando producto con ID: 56","timestamp":"2026-02-26 23:54:51"}
{"context":"ProductosService","level":"info","message":"Producto encontrado: Pistola de Agua Azul , Amarillo y blanco","timestamp":"2026-02-26 23:54:51"}
{"context":"ProductosService","id":"56","level":"info","message":"Iniciando actualización de producto ID: 56","timestamp":"2026-02-26 23:55:54"}
{"context":"ProductosService","id":"56","level":"info","message":"Producto actualizado exitosamente: ID 56","timestamp":"2026-02-26 23:55:55"}
{"context":"ProductosService","level":"info","message":"Consultando todos los productos","timestamp":"2026-02-26 23:55:57"}
{"context":"ProductosService","level":"info","message":"Se encontraron 65 productos","timestamp":"2026-02-26 23:55:57"}
{"context":"ProductosService","level":"info","message":"Consultando todos los productos","timestamp":"2026-02-26 23:55:57"}
{"context":"ProductosService","level":"info","message":"Se encontraron 65 productos","timestamp":"2026-02-26 23:55:58"}
{"context":"ProductosService","id":"55","level":"info","message":"Buscando producto con ID: 55","timestamp":"2026-02-26 23:56:06"}
{"context":"ProductosService","level":"info","message":"Producto encontrado: lanzador de Agua Play day de colores","timestamp":"2026-02-26 23:56:07"}
{"context":"ProductosService","id":"55","level":"info","message":"Buscando producto con ID: 55","timestamp":"2026-02-26 23:56:07"}
{"context":"ProductosService","level":"info","message":"Producto encontrado: lanzador de Agua Play day de colores","timestamp":"2026-02-26 23:56:07"}
{"context":"ProductosService","level":"info","message":"Consultando todos los productos","timestamp":"2026-02-26 23:56:08"}
{"context":"ProductosService","level":"info","message":"Se encontraron 65 productos","timestamp":"2026-02-26 23:56:08"}
{"context":"ProductosService","level":"info","message":"Consultando todos los productos","timestamp":"2026-02-26 23:56:08"}
{"context":"ProductosService","level":"info","message":"Se encontraron 65 productos","timestamp":"2026-02-26 23:56:09"}
{"context":"ProductosService","id":"55","level":"info","message":"Buscando producto con ID: 55","timestamp":"2026-02-26 23:56:16"}
{"context":"ProductosService","level":"info","message":"Producto encontrado: lanzador de Agua Play day de colores","timestamp":"2026-02-26 23:56:16"}
{"context":"ProductosService","id":"55","level":"info","message":"Buscando producto con ID: 55","timestamp":"2026-02-26 23:56:16"}
{"context":"ProductosService","level":"info","message":"Producto encontrado: lanzador de Agua Play day de colores","timestamp":"2026-02-26 23:56:17"}
{"context":"ProductosService","id":"55","level":"info","message":"Iniciando actualización de producto ID: 55","timestamp":"2026-02-26 23:57:05"}
{"context":"ProductosService","id":"55","level":"info","message":"Producto actualizado exitosamente: ID 55","timestamp":"2026-02-26 23:57:06"}
{"context":"ProductosService","level":"info","message":"Consultando todos los productos","timestamp":"2026-02-26 23:57:08"}
{"context":"ProductosService","level":"info","message":"Se encontraron 65 productos","timestamp":"2026-02-26 23:57:08"}
{"context":"ProductosService","level":"info","message":"Consultando todos los productos","timestamp":"2026-02-26 23:57:08"}
{"context":"ProductosService","level":"info","message":"Se encontraron 65 productos","timestamp":"2026-02-26 23:57:09"}
{"context":"ProductosService","id":"54","level":"info","message":"Buscando producto con ID: 54","timestamp":"2026-02-26 23:57:19"}
{"context":"ProductosService","level":"info","message":"Producto encontrado: Pistola de agua diverzone tiburon Rojo","timestamp":"2026-02-26 23:57:20"}
{"context":"ProductosService","id":"54","level":"info","message":"Buscando producto con ID: 54","timestamp":"2026-02-26 23:57:20"}
{"context":"ProductosService","level":"info","message":"Producto encontrado: Pistola de agua diverzone tiburon Rojo","timestamp":"2026-02-26 23:57:20"}
{"context":"ProductosService","id":"54","level":"info","message":"Iniciando actualización de producto ID: 54","timestamp":"2026-02-26 23:58:48"}
{"context":"ProductosService","id":"54","level":"info","message":"Producto actualizado exitosamente: ID 54","timestamp":"2026-02-26 23:58:51"}
{"context":"ProductosService","level":"info","message":"Consultando todos los productos","timestamp":"2026-02-26 23:58:53"}
{"context":"ProductosService","level":"info","message":"Se encontraron 65 productos","timestamp":"2026-02-26 23:58:54"}
{"context":"ProductosService","level":"info","message":"Consultando todos los productos","timestamp":"2026-02-26 23:58:54"}
{"context":"ProductosService","level":"info","message":"Se encontraron 65 productos","timestamp":"2026-02-26 23:58:54"}
{"context":"ProductosService","id":"53","level":"info","message":"Buscando producto con ID: 53","timestamp":"2026-02-26 23:59:10"}
{"context":"ProductosService","level":"info","message":"Producto encontrado: Pistola de agua diverzone tiburon Azul","timestamp":"2026-02-26 23:59:10"}
{"context":"ProductosService","id":"53","level":"info","message":"Buscando producto con ID: 53","timestamp":"2026-02-26 23:59:10"}
{"context":"ProductosService","level":"info","message":"Producto encontrado: Pistola de agua diverzone tiburon Azul","timestamp":"2026-02-26 23:59:10"}
{"context":"ProductosService","level":"info","message":"Consultando todos los productos","timestamp":"2026-02-26 23:59:33"}
{"context":"ProductosService","level":"info","message":"Se encontraron 65 productos","timestamp":"2026-02-26 23:59:34"}
{"context":"ProductosService","level":"info","message":"Consultando todos los productos","timestamp":"2026-02-26 23:59:34"}
{"context":"ProductosService","level":"info","message":"Se encontraron 65 productos","timestamp":"2026-02-26 23:59:34"}
{"context":"ProductosService","id":"52","level":"info","message":"Buscando producto con ID: 52","timestamp":"2026-02-26 23:59:44"}
{"context":"ProductosService","level":"info","message":"Producto encontrado: Golpea un animal rana verde Kids Time","timestamp":"2026-02-26 23:59:45"}
{"context":"ProductosService","id":"52","level":"info","message":"Buscando producto con ID: 52","timestamp":"2026-02-26 23:59:45"}
{"context":"ProductosService","level":"info","message":"Producto encontrado: Golpea un animal rana verde Kids Time","timestamp":"2026-02-26 23:59:45"}
{"context":"ProductosService","level":"info","message":"Consultando todos los productos","timestamp":"2026-02-27 03:41:56"}
{"context":"ProductosService","level":"info","message":"Se encontraron 65 productos","timestamp":"2026-02-27 03:41:56"}
{"context":"ProductosService","level":"info","message":"Consultando todos los productos","timestamp":"2026-02-27 03:41:56"}
{"context":"ProductosService","level":"info","message":"Se encontraron 65 productos","timestamp":"2026-02-27 03:41:57"}
{"context":"ProductosService","level":"info","message":"Consultando todos los productos","timestamp":"2026-02-27 03:42:19"}
{"context":"ProductosService","level":"info","message":"Se encontraron 65 productos","timestamp":"2026-02-27 03:42:20"}
{"context":"ProductosService","level":"info","message":"Consultando todos los productos","timestamp":"2026-02-27 03:42:20"}
{"context":"ProductosService","level":"info","message":"Se encontraron 65 productos","timestamp":"2026-02-27 03:42:20"}
{"context":"ProductosService","level":"info","message":"Consultando todos los productos","timestamp":"2026-02-27 03:42:32"}
{"context":"ProductosService","level":"info","message":"Se encontraron 65 productos","timestamp":"2026-02-27 03:42:33"}
{"context":"ProductosService","level":"info","message":"Consultando todos los productos","timestamp":"2026-02-27 04:04:34"}
{"context":"ProductosService","level":"info","message":"Se encontraron 65 productos","timestamp":"2026-02-27 04:04:35"}
{"context":"ProductosService","level":"info","message":"Consultando todos los productos","timestamp":"2026-02-27 04:04:35"}
{"context":"ProductosService","level":"info","message":"Se encontraron 65 productos","timestamp":"2026-02-27 04:04:35"}
{"context":"ProductosService","id":"28","level":"info","message":"Buscando producto con ID: 28","timestamp":"2026-02-27 04:04:57"}
{"context":"ProductosService","level":"info","message":"Producto encontrado: Ana Fashion muñecas","timestamp":"2026-02-27 04:04:58"}
{"context":"ProductosService","id":"28","level":"info","message":"Buscando producto con ID: 28","timestamp":"2026-02-27 04:04:58"}
{"context":"ProductosService","level":"info","message":"Producto encontrado: Ana Fashion muñecas","timestamp":"2026-02-27 04:04:58"}
{"context":"ProductosService","level":"info","message":"Consultando todos los productos","timestamp":"2026-02-27 04:05:01"}
{"context":"ProductosService","level":"info","message":"Se encontraron 65 productos","timestamp":"2026-02-27 04:05:02"}
{"context":"ProductosService","level":"info","message":"Consultando todos los productos","timestamp":"2026-02-27 04:05:02"}
{"context":"ProductosService","level":"info","message":"Se encontraron 65 productos","timestamp":"2026-02-27 04:05:02"}
{"context":"ProductosService","id":"28","level":"info","message":"Buscando producto con ID: 28","timestamp":"2026-02-27 04:05:07"}
{"context":"ProductosService","level":"info","message":"Producto encontrado: Ana Fashion muñecas","timestamp":"2026-02-27 04:05:07"}
{"context":"ProductosService","id":"28","level":"info","message":"Buscando producto con ID: 28","timestamp":"2026-02-27 04:05:07"}
{"context":"ProductosService","level":"info","message":"Producto encontrado: Ana Fashion muñecas","timestamp":"2026-02-27 04:05:08"}
{"context":"ProductosService","level":"info","message":"Consultando todos los productos","timestamp":"2026-02-27 04:05:09"}
{"context":"ProductosService","level":"info","message":"Se encontraron 65 productos","timestamp":"2026-02-27 04:05:09"}
{"context":"ProductosService","level":"info","message":"Consultando todos los productos","timestamp":"2026-02-27 04:05:09"}
{"context":"ProductosService","level":"info","message":"Se encontraron 65 productos","timestamp":"2026-02-27 04:05:09"}
{"context":"ProductosService","level":"info","message":"Consultando todos los productos","timestamp":"2026-02-27 04:05:22"}
{"context":"ProductosService","level":"info","message":"Se encontraron 65 productos","timestamp":"2026-02-27 04:05:23"}
{"context":"ProductosService","level":"info","message":"Consultando todos los productos","timestamp":"2026-02-27 04:05:23"}
{"context":"ProductosService","level":"info","message":"Se encontraron 65 productos","timestamp":"2026-02-27 04:05:23"}
